<?xml version='1.0'?> 
<!DOCTYPE coverage SYSTEM "http://cobertura.sourceforge.net/xml/coverage-04.dtd">
<!-- Generated by simplecov-cobertura version 2.1.0 (https://github.com/dashingrocket/simplecov-cobertura) -->
<coverage line-rate="0.77" lines-covered="242" lines-valid="315" complexity="0" version="0" timestamp="1687975426">
  <sources>
    <source>/home/runner/work/DynDNS_Cloudflare_IPv4-6/DynDNS_Cloudflare_IPv4-6</source>
  </sources>
  <packages>
    <package name="DynDNS_Cloudflare_IPv4-6" line-rate="0.77" complexity="0">
      <classes>
        <class name="cloudflare-dns" filename="cloudflare-dns.sh" line-rate="0.77" complexity="0">
          <methods/>
          <lines>
            <line number="4" hits="10"/>
            <line number="5" hits="8"/>
            <line number="6" hits="5"/>
            <line number="7" hits="9"/>
            <line number="8" hits="7"/>
            <line number="9" hits="4"/>
            <line number="10" hits="5"/>
            <line number="11" hits="9"/>
            <line number="12" hits="9"/>
            <line number="13" hits="11"/>
            <line number="16" hits="12"/>
            <line number="17" hits="11"/>
            <line number="18" hits="8"/>
            <line number="19" hits="6"/>
            <line number="20" hits="10"/>
            <line number="21" hits="12"/>
            <line number="22" hits="12"/>
            <line number="23" hits="11"/>
            <line number="24" hits="8"/>
            <line number="25" hits="8"/>
            <line number="26" hits="7"/>
            <line number="29" hits="11"/>
            <line number="30" hits="39"/>
            <line number="31" hits="89"/>
            <line number="32" hits="75"/>
            <line number="33" hits="53"/>
            <line number="34" hits="76"/>
            <line number="35" hits="46"/>
            <line number="36" hits="68"/>
            <line number="37" hits="47"/>
            <line number="40" hits="26"/>
            <line number="45" hits="1"/>
            <line number="47" hits="1"/>
            <line number="48" hits="14"/>
            <line number="50" hits="1"/>
            <line number="51" hits="22"/>
            <line number="54" hits="4"/>
            <line number="57" hits="0"/>
            <line number="60" hits="9"/>
            <line number="63" hits="0"/>
            <line number="67" hits="3"/>
            <line number="68" hits="4"/>
            <line number="69" hits="4"/>
            <line number="71" hits="1"/>
            <line number="73" hits="5"/>
            <line number="74" hits="3"/>
            <line number="76" hits="1"/>
            <line number="78" hits="4"/>
            <line number="79" hits="3"/>
            <line number="81" hits="0"/>
            <line number="83" hits="4"/>
            <line number="84" hits="3"/>
            <line number="86" hits="0"/>
            <line number="88" hits="3"/>
            <line number="89" hits="1"/>
            <line number="91" hits="3"/>
            <line number="93" hits="4"/>
            <line number="94" hits="4"/>
            <line number="98" hits="1"/>
            <line number="99" hits="1"/>
            <line number="100" hits="1"/>
            <line number="101" hits="1"/>
            <line number="106" hits="28"/>
            <line number="107" hits="7"/>
            <line number="108" hits="6"/>
            <line number="109" hits="6"/>
            <line number="111" hits="1"/>
            <line number="112" hits="1"/>
            <line number="114" hits="7"/>
            <line number="117" hits="8"/>
            <line number="118" hits="2"/>
            <line number="119" hits="1"/>
            <line number="120" hits="1"/>
            <line number="122" hits="1"/>
            <line number="123" hits="1"/>
            <line number="125" hits="2"/>
            <line number="128" hits="6"/>
            <line number="129" hits="0"/>
            <line number="130" hits="0"/>
            <line number="131" hits="6"/>
            <line number="134" hits="1"/>
            <line number="135" hits="1"/>
            <line number="136" hits="1"/>
            <line number="137" hits="1"/>
            <line number="138" hits="1"/>
            <line number="140" hits="0"/>
            <line number="141" hits="1"/>
            <line number="142" hits="1"/>
            <line number="147" hits="1"/>
            <line number="148" hits="6"/>
            <line number="149" hits="4"/>
            <line number="150" hits="3"/>
            <line number="152" hits="3"/>
            <line number="154" hits="4"/>
            <line number="157" hits="3"/>
            <line number="158" hits="0"/>
            <line number="159" hits="0"/>
            <line number="161" hits="4"/>
            <line number="163" hits="3"/>
            <line number="166" hits="5"/>
            <line number="167" hits="9"/>
            <line number="169" hits="1"/>
            <line number="171" hits="6"/>
            <line number="172" hits="11"/>
            <line number="174" hits="0"/>
            <line number="176" hits="4"/>
            <line number="177" hits="5"/>
            <line number="181" hits="3"/>
            <line number="183" hits="13"/>
            <line number="184" hits="5"/>
            <line number="185" hits="8"/>
            <line number="187" hits="2"/>
            <line number="189" hits="4"/>
            <line number="190" hits="14"/>
            <line number="192" hits="0"/>
            <line number="198" hits="0"/>
            <line number="201" hits="0"/>
            <line number="203" hits="0"/>
            <line number="206" hits="0"/>
            <line number="209" hits="4"/>
            <line number="210" hits="3"/>
            <line number="213" hits="1"/>
            <line number="214" hits="5"/>
            <line number="215" hits="5"/>
            <line number="216" hits="6"/>
            <line number="219" hits="6"/>
            <line number="220" hits="8"/>
            <line number="221" hits="8"/>
            <line number="222" hits="7"/>
            <line number="223" hits="3"/>
            <line number="227" hits="7"/>
            <line number="228" hits="6"/>
            <line number="229" hits="5"/>
            <line number="230" hits="6"/>
            <line number="231" hits="3"/>
            <line number="233" hits="8"/>
            <line number="236" hits="1"/>
            <line number="237" hits="3"/>
            <line number="238" hits="4"/>
            <line number="239" hits="4"/>
            <line number="242" hits="3"/>
            <line number="243" hits="6"/>
            <line number="244" hits="3"/>
            <line number="245" hits="15"/>
            <line number="246" hits="14"/>
            <line number="247" hits="13"/>
            <line number="248" hits="13"/>
            <line number="249" hits="4"/>
            <line number="251" hits="4"/>
            <line number="252" hits="7"/>
            <line number="253" hits="3"/>
            <line number="254" hits="16"/>
            <line number="255" hits="18"/>
            <line number="256" hits="18"/>
            <line number="257" hits="17"/>
            <line number="258" hits="5"/>
            <line number="260" hits="5"/>
            <line number="267" hits="1"/>
            <line number="268" hits="0"/>
            <line number="269" hits="0"/>
            <line number="272" hits="1"/>
            <line number="273" hits="0"/>
            <line number="274" hits="0"/>
            <line number="276" hits="1"/>
            <line number="281" hits="1"/>
            <line number="283" hits="8"/>
            <line number="285" hits="3"/>
            <line number="286" hits="0"/>
            <line number="287" hits="0"/>
            <line number="291" hits="3"/>
            <line number="292" hits="3"/>
            <line number="293" hits="3"/>
            <line number="294" hits="1"/>
            <line number="295" hits="1"/>
            <line number="299" hits="3"/>
            <line number="300" hits="2"/>
            <line number="301" hits="0"/>
            <line number="302" hits="0"/>
            <line number="306" hits="3"/>
            <line number="307" hits="1"/>
            <line number="308" hits="0"/>
            <line number="309" hits="0"/>
            <line number="313" hits="3"/>
            <line number="314" hits="1"/>
            <line number="315" hits="0"/>
            <line number="316" hits="0"/>
            <line number="319" hits="1"/>
            <line number="323" hits="1"/>
            <line number="324" hits="0"/>
            <line number="325" hits="0"/>
            <line number="326" hits="0"/>
            <line number="328" hits="0"/>
            <line number="331" hits="1"/>
            <line number="332" hits="0"/>
            <line number="333" hits="0"/>
            <line number="335" hits="1"/>
            <line number="338" hits="1"/>
            <line number="339" hits="1"/>
            <line number="345" hits="1"/>
            <line number="346" hits="2"/>
            <line number="347" hits="3"/>
            <line number="348" hits="3"/>
            <line number="349" hits="3"/>
            <line number="350" hits="3"/>
            <line number="352" hits="3"/>
            <line number="353" hits="2"/>
            <line number="354" hits="13"/>
            <line number="357" hits="4"/>
            <line number="358" hits="2"/>
            <line number="359" hits="0"/>
            <line number="360" hits="0"/>
            <line number="361" hits="0"/>
            <line number="362" hits="0"/>
            <line number="363" hits="2"/>
            <line number="364" hits="0"/>
            <line number="365" hits="0"/>
            <line number="366" hits="0"/>
            <line number="367" hits="0"/>
            <line number="368" hits="0"/>
            <line number="369" hits="0"/>
            <line number="370" hits="0"/>
            <line number="372" hits="0"/>
            <line number="373" hits="5"/>
            <line number="374" hits="3"/>
            <line number="375" hits="3"/>
            <line number="376" hits="3"/>
            <line number="377" hits="3"/>
            <line number="378" hits="3"/>
            <line number="379" hits="3"/>
            <line number="380" hits="3"/>
            <line number="381" hits="3"/>
            <line number="382" hits="0"/>
            <line number="383" hits="4"/>
            <line number="388" hits="3"/>
            <line number="389" hits="3"/>
            <line number="390" hits="3"/>
            <line number="391" hits="2"/>
            <line number="392" hits="23"/>
            <line number="393" hits="6"/>
            <line number="395" hits="6"/>
            <line number="396" hits="4"/>
            <line number="397" hits="3"/>
            <line number="400" hits="4"/>
            <line number="403" hits="1"/>
            <line number="404" hits="3"/>
            <line number="405" hits="3"/>
            <line number="406" hits="3"/>
            <line number="407" hits="8"/>
            <line number="408" hits="4"/>
            <line number="409" hits="5"/>
            <line number="410" hits="5"/>
            <line number="411" hits="1"/>
            <line number="412" hits="2"/>
            <line number="413" hits="2"/>
            <line number="414" hits="2"/>
            <line number="415" hits="1"/>
            <line number="416" hits="1"/>
            <line number="417" hits="6"/>
            <line number="418" hits="4"/>
            <line number="419" hits="4"/>
            <line number="420" hits="4"/>
            <line number="421" hits="3"/>
            <line number="422" hits="3"/>
            <line number="423" hits="4"/>
            <line number="424" hits="2"/>
            <line number="425" hits="1"/>
            <line number="426" hits="5"/>
            <line number="427" hits="3"/>
            <line number="428" hits="6"/>
            <line number="429" hits="3"/>
            <line number="430" hits="1"/>
            <line number="431" hits="1"/>
            <line number="432" hits="1"/>
            <line number="433" hits="3"/>
            <line number="437" hits="2"/>
            <line number="441" hits="2"/>
            <line number="442" hits="1"/>
            <line number="446" hits="2"/>
            <line number="450" hits="1"/>
            <line number="451" hits="8"/>
            <line number="454" hits="6"/>
            <line number="455" hits="6"/>
            <line number="458" hits="3"/>
            <line number="461" hits="3"/>
            <line number="462" hits="6"/>
            <line number="465" hits="0"/>
            <line number="466" hits="0"/>
            <line number="469" hits="0"/>
            <line number="471" hits="0"/>
            <line number="475" hits="0"/>
            <line number="476" hits="0"/>
            <line number="479" hits="0"/>
            <line number="481" hits="0"/>
            <line number="485" hits="0"/>
            <line number="486" hits="0"/>
            <line number="488" hits="0"/>
            <line number="491" hits="0"/>
            <line number="492" hits="0"/>
            <line number="493" hits="0"/>
            <line number="494" hits="0"/>
            <line number="495" hits="0"/>
            <line number="496" hits="0"/>
            <line number="497" hits="0"/>
            <line number="498" hits="0"/>
            <line number="499" hits="0"/>
            <line number="500" hits="0"/>
            <line number="504" hits="0"/>
            <line number="506" hits="0"/>
            <line number="507" hits="0"/>
            <line number="508" hits="0"/>
            <line number="509" hits="0"/>
            <line number="510" hits="0"/>
            <line number="515" hits="1"/>
            <line number="516" hits="14"/>
            <line number="517" hits="14"/>
          </lines>
        </class>
      </classes>
    </package>
  </packages>
</coverage>