<?xml version='1.0'?> 
<!DOCTYPE coverage SYSTEM "http://cobertura.sourceforge.net/xml/coverage-04.dtd">
<!-- Generated by simplecov-cobertura version 2.1.0 (https://github.com/dashingrocket/simplecov-cobertura) -->
<coverage line-rate="0.73" lines-covered="212" lines-valid="292" complexity="0" version="0" timestamp="1687825564">
  <sources>
    <source>/Volumes/Compartido/GITKRAKEN/DynDNS_Cloudflare_IPv4-6</source>
  </sources>
  <packages>
    <package name="DynDNS_Cloudflare_IPv4-6" line-rate="0.73" complexity="0">
      <classes>
        <class name="cloudflare-dns" filename="cloudflare-dns.sh" line-rate="0.73" complexity="0">
          <methods/>
          <lines>
            <line number="4" hits="9"/>
            <line number="5" hits="5"/>
            <line number="6" hits="6"/>
            <line number="7" hits="7"/>
            <line number="8" hits="7"/>
            <line number="9" hits="8"/>
            <line number="10" hits="5"/>
            <line number="11" hits="3"/>
            <line number="12" hits="8"/>
            <line number="13" hits="10"/>
            <line number="16" hits="4"/>
            <line number="17" hits="6"/>
            <line number="18" hits="8"/>
            <line number="19" hits="5"/>
            <line number="20" hits="7"/>
            <line number="21" hits="8"/>
            <line number="22" hits="8"/>
            <line number="23" hits="6"/>
            <line number="24" hits="6"/>
            <line number="25" hits="9"/>
            <line number="26" hits="11"/>
            <line number="29" hits="33"/>
            <line number="30" hits="82"/>
            <line number="31" hits="59"/>
            <line number="32" hits="38"/>
            <line number="33" hits="60"/>
            <line number="34" hits="41"/>
            <line number="35" hits="53"/>
            <line number="36" hits="39"/>
            <line number="39" hits="18"/>
            <line number="44" hits="0"/>
            <line number="47" hits="7"/>
            <line number="50" hits="7"/>
            <line number="53" hits="1"/>
            <line number="56" hits="0"/>
            <line number="58" hits="1"/>
            <line number="59" hits="7"/>
            <line number="62" hits="1"/>
            <line number="66" hits="4"/>
            <line number="67" hits="3"/>
            <line number="68" hits="4"/>
            <line number="70" hits="1"/>
            <line number="72" hits="4"/>
            <line number="73" hits="3"/>
            <line number="75" hits="0"/>
            <line number="77" hits="5"/>
            <line number="78" hits="4"/>
            <line number="80" hits="1"/>
            <line number="82" hits="3"/>
            <line number="83" hits="4"/>
            <line number="85" hits="1"/>
            <line number="87" hits="5"/>
            <line number="88" hits="0"/>
            <line number="90" hits="3"/>
            <line number="92" hits="4"/>
            <line number="96" hits="1"/>
            <line number="97" hits="1"/>
            <line number="98" hits="1"/>
            <line number="103" hits="28"/>
            <line number="104" hits="7"/>
            <line number="105" hits="6"/>
            <line number="106" hits="6"/>
            <line number="108" hits="1"/>
            <line number="109" hits="1"/>
            <line number="113" hits="8"/>
            <line number="114" hits="2"/>
            <line number="115" hits="1"/>
            <line number="116" hits="1"/>
            <line number="118" hits="1"/>
            <line number="119" hits="1"/>
            <line number="123" hits="5"/>
            <line number="124" hits="0"/>
            <line number="125" hits="0"/>
            <line number="128" hits="0"/>
            <line number="129" hits="0"/>
            <line number="130" hits="0"/>
            <line number="131" hits="0"/>
            <line number="133" hits="0"/>
            <line number="134" hits="0"/>
            <line number="139" hits="1"/>
            <line number="140" hits="8"/>
            <line number="141" hits="0"/>
            <line number="142" hits="0"/>
            <line number="144" hits="7"/>
            <line number="148" hits="5"/>
            <line number="149" hits="0"/>
            <line number="150" hits="0"/>
            <line number="152" hits="5"/>
            <line number="155" hits="1"/>
            <line number="156" hits="4"/>
            <line number="157" hits="8"/>
            <line number="159" hits="0"/>
            <line number="161" hits="6"/>
            <line number="162" hits="10"/>
            <line number="164" hits="0"/>
            <line number="166" hits="5"/>
            <line number="168" hits="1"/>
            <line number="170" hits="2"/>
            <line number="173" hits="0"/>
            <line number="176" hits="0"/>
            <line number="178" hits="0"/>
            <line number="181" hits="0"/>
            <line number="186" hits="11"/>
            <line number="187" hits="4"/>
            <line number="188" hits="7"/>
            <line number="190" hits="2"/>
            <line number="192" hits="5"/>
            <line number="193" hits="15"/>
            <line number="195" hits="1"/>
            <line number="198" hits="4"/>
            <line number="202" hits="6"/>
            <line number="203" hits="6"/>
            <line number="204" hits="4"/>
            <line number="207" hits="5"/>
            <line number="208" hits="7"/>
            <line number="209" hits="10"/>
            <line number="210" hits="7"/>
            <line number="211" hits="4"/>
            <line number="215" hits="7"/>
            <line number="216" hits="4"/>
            <line number="217" hits="5"/>
            <line number="218" hits="4"/>
            <line number="219" hits="2"/>
            <line number="224" hits="3"/>
            <line number="225" hits="3"/>
            <line number="226" hits="3"/>
            <line number="229" hits="3"/>
            <line number="230" hits="4"/>
            <line number="231" hits="2"/>
            <line number="232" hits="8"/>
            <line number="233" hits="8"/>
            <line number="234" hits="8"/>
            <line number="235" hits="8"/>
            <line number="236" hits="2"/>
            <line number="238" hits="3"/>
            <line number="239" hits="6"/>
            <line number="240" hits="3"/>
            <line number="241" hits="12"/>
            <line number="242" hits="12"/>
            <line number="243" hits="12"/>
            <line number="244" hits="12"/>
            <line number="245" hits="3"/>
            <line number="253" hits="1"/>
            <line number="254" hits="0"/>
            <line number="255" hits="0"/>
            <line number="258" hits="1"/>
            <line number="259" hits="0"/>
            <line number="260" hits="0"/>
            <line number="266" hits="1"/>
            <line number="268" hits="8"/>
            <line number="270" hits="3"/>
            <line number="271" hits="0"/>
            <line number="272" hits="0"/>
            <line number="276" hits="3"/>
            <line number="277" hits="3"/>
            <line number="278" hits="3"/>
            <line number="279" hits="1"/>
            <line number="280" hits="1"/>
            <line number="284" hits="3"/>
            <line number="285" hits="2"/>
            <line number="286" hits="0"/>
            <line number="287" hits="0"/>
            <line number="291" hits="3"/>
            <line number="292" hits="1"/>
            <line number="293" hits="0"/>
            <line number="294" hits="0"/>
            <line number="298" hits="3"/>
            <line number="299" hits="1"/>
            <line number="300" hits="0"/>
            <line number="301" hits="0"/>
            <line number="307" hits="1"/>
            <line number="308" hits="0"/>
            <line number="309" hits="0"/>
            <line number="310" hits="0"/>
            <line number="312" hits="0"/>
            <line number="315" hits="1"/>
            <line number="316" hits="0"/>
            <line number="317" hits="0"/>
            <line number="319" hits="1"/>
            <line number="322" hits="1"/>
            <line number="329" hits="3"/>
            <line number="330" hits="3"/>
            <line number="331" hits="3"/>
            <line number="332" hits="4"/>
            <line number="333" hits="3"/>
            <line number="335" hits="3"/>
            <line number="336" hits="2"/>
            <line number="337" hits="12"/>
            <line number="340" hits="4"/>
            <line number="341" hits="4"/>
            <line number="342" hits="0"/>
            <line number="343" hits="0"/>
            <line number="344" hits="0"/>
            <line number="345" hits="0"/>
            <line number="346" hits="3"/>
            <line number="347" hits="0"/>
            <line number="348" hits="0"/>
            <line number="349" hits="0"/>
            <line number="350" hits="0"/>
            <line number="351" hits="0"/>
            <line number="352" hits="0"/>
            <line number="353" hits="0"/>
            <line number="355" hits="0"/>
            <line number="356" hits="2"/>
            <line number="357" hits="4"/>
            <line number="358" hits="4"/>
            <line number="359" hits="4"/>
            <line number="360" hits="4"/>
            <line number="361" hits="4"/>
            <line number="362" hits="4"/>
            <line number="363" hits="4"/>
            <line number="364" hits="4"/>
            <line number="365" hits="0"/>
            <line number="368" hits="1"/>
            <line number="370" hits="2"/>
            <line number="371" hits="3"/>
            <line number="372" hits="3"/>
            <line number="373" hits="2"/>
            <line number="374" hits="17"/>
            <line number="375" hits="4"/>
            <line number="377" hits="2"/>
            <line number="378" hits="3"/>
            <line number="379" hits="1"/>
            <line number="385" hits="2"/>
            <line number="386" hits="3"/>
            <line number="387" hits="3"/>
            <line number="388" hits="7"/>
            <line number="389" hits="5"/>
            <line number="390" hits="5"/>
            <line number="391" hits="1"/>
            <line number="392" hits="2"/>
            <line number="393" hits="2"/>
            <line number="394" hits="1"/>
            <line number="395" hits="3"/>
            <line number="396" hits="2"/>
            <line number="397" hits="5"/>
            <line number="398" hits="3"/>
            <line number="399" hits="3"/>
            <line number="400" hits="1"/>
            <line number="401" hits="1"/>
            <line number="402" hits="1"/>
            <line number="403" hits="3"/>
            <line number="404" hits="1"/>
            <line number="405" hits="2"/>
            <line number="406" hits="5"/>
            <line number="407" hits="3"/>
            <line number="408" hits="6"/>
            <line number="409" hits="4"/>
            <line number="410" hits="1"/>
            <line number="411" hits="3"/>
            <line number="412" hits="3"/>
            <line number="413" hits="4"/>
            <line number="417" hits="2"/>
            <line number="421" hits="2"/>
            <line number="422" hits="1"/>
            <line number="426" hits="2"/>
            <line number="430" hits="1"/>
            <line number="431" hits="8"/>
            <line number="434" hits="6"/>
            <line number="435" hits="6"/>
            <line number="438" hits="3"/>
            <line number="441" hits="3"/>
            <line number="442" hits="6"/>
            <line number="445" hits="0"/>
            <line number="446" hits="0"/>
            <line number="449" hits="0"/>
            <line number="451" hits="0"/>
            <line number="455" hits="0"/>
            <line number="456" hits="0"/>
            <line number="459" hits="0"/>
            <line number="461" hits="0"/>
            <line number="465" hits="0"/>
            <line number="466" hits="0"/>
            <line number="468" hits="0"/>
            <line number="471" hits="0"/>
            <line number="472" hits="0"/>
            <line number="473" hits="0"/>
            <line number="474" hits="0"/>
            <line number="475" hits="0"/>
            <line number="476" hits="0"/>
            <line number="477" hits="0"/>
            <line number="478" hits="0"/>
            <line number="479" hits="0"/>
            <line number="480" hits="0"/>
            <line number="484" hits="0"/>
            <line number="486" hits="0"/>
            <line number="487" hits="0"/>
            <line number="488" hits="0"/>
            <line number="489" hits="0"/>
            <line number="490" hits="0"/>
            <line number="495" hits="8"/>
            <line number="496" hits="8"/>
          </lines>
        </class>
      </classes>
    </package>
  </packages>
</coverage>