TN:
SF:/tmp/claude-0/-opt-Cloudflare-DNS-Updater/d36bc316-a7e3-48f1-9a81-2ed19572a262/scratchpad/wt-pr7/src/cloudflare.sh
FN:13,cf_get_all_records
FN:63,cf_parse_records_to_lines
FN:116,cf_batch_update
FN:144,cf_get_record_from_cache
FN:153,cf_needs_update
FN:163,cf_build_put_object
FNDA:0,cf_get_all_records
FNDA:0,cf_parse_records_to_lines
FNDA:0,cf_batch_update
FNDA:0,cf_get_record_from_cache
FNDA:1,cf_needs_update
FNDA:0,cf_build_put_object
FNF:6
FNH:1
BRDA:33,0,0,0
BRDA:39,1,0,0
BRDA:39,1,1,0
BRDA:52,2,0,0
BRDA:68,3,0,0
BRDA:68,3,1,0
BRDA:68,3,2,0
BRDA:68,3,3,0
BRDA:68,3,4,0
BRDA:107,4,0,0
BRDA:106,5,0,0
BRDA:83,6,0,0
BRDA:83,6,1,0
BRDA:133,7,0,0
BRDA:133,7,1,0
BRF:15
BRH:0
DA:3,34
DA:14,0
DA:15,0
DA:16,0
DA:18,0
DA:19,0
DA:20,0
DA:21,0
DA:23,0
DA:24,0
DA:25,0
DA:27,0
DA:28,0
DA:31,0
DA:33,0
DA:34,0
DA:35,0
DA:36,0
DA:39,0
DA:40,0
DA:42,0
DA:47,0
DA:48,0
DA:50,0
DA:52,0
DA:53,0
DA:55,0
DA:58,0
DA:64,0
DA:67,0
DA:68,0
DA:69,0
DA:70,0
DA:71,0
DA:72,0
DA:73,0
DA:74,0
DA:75,0
DA:77,0
DA:83,0
DA:84,0
DA:86,0
DA:88,0
DA:90,0
DA:95,0
DA:96,0
DA:97,0
DA:98,0
DA:99,0
DA:106,0
DA:107,0
DA:108,0
DA:117,0
DA:119,0
DA:120,0
DA:122,0
DA:123,0
DA:124,0
DA:125,0
DA:128,0
DA:131,0
DA:133,0
DA:134,0
DA:136,0
DA:137,0
DA:138,0
DA:145,0
DA:146,0
DA:147,0
DA:148,0
DA:154,14
DA:155,14
DA:156,14
DA:157,14
DA:159,20
DA:164,0
DA:165,0
DA:166,0
DA:167,0
DA:168,0
DA:169,0
DA:171,0
DA:174,0
LF:83
LH:6
end_of_record
SF:/tmp/claude-0/-opt-Cloudflare-DNS-Updater/d36bc316-a7e3-48f1-9a81-2ed19572a262/scratchpad/wt-pr7/src/config.sh
FN:18,domains_names=
FN:20,domains_ipv4=
FN:22,domains_ttl=
FN:27,clean_value
FN:42,_yaml_get
FN:49,parse_config
FNDA:1,domains_names=
FNDA:1,domains_ipv4=
FNDA:1,domains_ttl=
FNDA:1,clean_value
FNDA:0,_yaml_get
FNDA:1,parse_config
FNF:6
FNH:5
BRDA:52,0,0,0
BRDA:58,1,0,0
BRDA:105,2,0,1
BRDA:109,3,0,1
BRDA:116,4,0,1
BRDA:122,5,0,1
BRDA:143,6,0,1
BRDA:143,6,1,1
BRDA:143,6,2,1
BRDA:135,7,0,0
BRDA:135,7,1,0
BRDA:135,7,2,0
BRDA:135,7,3,1
BRDA:135,7,4,0
BRDA:134,8,0,1
BRDA:120,9,0,1
BRF:16
BRH:10
DA:4,50
DA:5,50
DA:6,50
DA:7,50
DA:8,50
DA:9,50
DA:10,50
DA:11,50
DA:14,50
DA:15,50
DA:23,50
DA:28,0
DA:29,0
DA:31,0
DA:32,0
DA:33,0
DA:34,0
DA:35,0
DA:43,0
DA:44,0
DA:45,0
DA:50,51
DA:52,51
DA:53,0
DA:54,0
DA:58,51
DA:59,0
DA:63,51
DA:64,51
DA:67,51
DA:71,51
DA:73,51
DA:75,87
DA:78,51
DA:88,51
DA:97,51
DA:98,51
DA:100,1685
DA:102,1543
DA:105,2908
DA:106,602
DA:109,1003
DA:110,49
DA:111,49
DA:116,954
DA:117,41
DA:120,954
DA:122,353
DA:123,160
DA:127,158
DA:128,158
DA:129,158
DA:130,158
DA:134,351
DA:135,351
DA:137,309
DA:139,309
DA:141,309
DA:143,110
DA:144,38
DA:145,38
DA:146,72
DA:147,36
DA:148,36
DA:149,36
DA:150,36
DA:151,36
DA:153,199
DA:161,31
DA:162,31
LF:70
LH:57
end_of_record
SF:/tmp/claude-0/-opt-Cloudflare-DNS-Updater/d36bc316-a7e3-48f1-9a81-2ed19572a262/scratchpad/wt-pr7/src/ip.sh
FN:4,get_default_interface
FN:14,get_ipv6_prefix64
FN:46,get_ipv6_route_prefix
FN:66,get_ipv6_from_interface
FN:170,is_valid_ipv4
FN:181,is_valid_ipv6
FN:212,get_public_ipv4
FN:237,get_public_ipv6
FNDA:0,get_default_interface
FNDA:0,get_ipv6_prefix64
FNDA:0,get_ipv6_route_prefix
FNDA:0,get_ipv6_from_interface
FNDA:1,is_valid_ipv4
FNDA:1,is_valid_ipv6
FNDA:0,get_public_ipv4
FNDA:0,get_public_ipv6
FNF:8
FNH:2
BRDA:5,0,0,0
BRDA:5,0,1,0
BRDA:51,1,0,0
BRDA:56,2,0,0
BRDA:54,3,0,0
BRDA:60,4,0,0
BRDA:150,5,0,0
BRDA:148,6,0,0
BRDA:154,7,0,0
BRDA:146,8,0,0
BRDA:146,8,1,0
BRDA:198,9,0,1
BRDA:203,10,0,1
BRDA:203,10,1,1
BRDA:217,11,0,0
BRDA:221,12,0,0
BRDA:227,13,0,0
BRDA:227,13,1,0
BRDA:244,14,0,0
BRDA:253,15,0,0
BRDA:253,15,1,0
BRDA:248,16,0,0
BRDA:268,17,0,0
BRDA:274,18,0,0
BRDA:274,18,1,0
BRF:25
BRH:3
DA:5,0
DA:7,0
DA:8,0
DA:10,0
DA:15,0
DA:17,0
DA:18,0
DA:21,0
DA:24,0
DA:30,0
DA:34,0
DA:35,0
DA:37,0
DA:38,0
DA:39,0
DA:40,0
DA:42,0
DA:43,0
DA:47,0
DA:48,0
DA:50,0
DA:51,0
DA:52,0
DA:54,0
DA:55,0
DA:56,0
DA:57,0
DA:60,0
DA:61,0
DA:67,0
DA:68,0
DA:70,0
DA:72,0
DA:76,0
DA:78,0
DA:79,0
DA:82,0
DA:85,0
DA:87,0
DA:92,0
DA:93,0
DA:95,0
DA:96,0
DA:97,0
DA:98,0
DA:100,0
DA:102,0
DA:103,0
DA:105,0
DA:106,0
DA:107,0
DA:110,0
DA:113,0
DA:116,0
DA:119,0
DA:120,0
DA:122,0
DA:123,0
DA:126,0
DA:129,0
DA:130,0
DA:131,0
DA:133,0
DA:134,0
DA:135,0
DA:137,0
DA:138,0
DA:139,0
DA:140,0
DA:141,0
DA:145,0
DA:146,0
DA:148,0
DA:149,0
DA:150,0
DA:151,0
DA:154,0
DA:155,0
DA:158,0
DA:160,0
DA:166,0
DA:171,10
DA:172,4
DA:173,10
DA:175,12
DA:182,15
DA:183,17
DA:184,13
DA:185,14
DA:186,14
DA:188,11
DA:189,10
DA:193,8
DA:194,8
DA:195,8
DA:196,42
DA:197,43
DA:198,41
DA:199,34
DA:203,7
DA:204,6
DA:206,3
DA:208,5
DA:213,0
DA:217,0
DA:221,0
DA:227,0
DA:228,0
DA:229,0
DA:231,0
DA:232,0
DA:238,0
DA:241,0
DA:244,0
DA:248,0
DA:249,0
DA:250,0
DA:253,0
DA:254,0
DA:255,0
DA:256,0
DA:258,0
DA:263,0
DA:268,0
DA:274,0
DA:275,0
DA:276,0
DA:278,0
DA:279,0
LF:129
LH:22
end_of_record
SF:/tmp/claude-0/-opt-Cloudflare-DNS-Updater/d36bc316-a7e3-48f1-9a81-2ed19572a262/scratchpad/wt-pr7/src/logger.sh
FN:18,logger_init
FN:50,_log
FN:70,log_info
FN:74,log_success
FN:78,log_warn
FN:82,log_error
FN:86,log_debug
FN:93,is_debug
FN:97,is_silent
FN:101,is_force
FN:106,sanitize_log
FN:119,log_debug_redacted
FNDA:1,logger_init
FNDA:1,_log
FNDA:1,log_info
FNDA:1,log_success
FNDA:1,log_warn
FNDA:1,log_error
FNDA:1,log_debug
FNDA:1,is_debug
FNDA:1,is_silent
FNDA:1,is_force
FNDA:0,sanitize_log
FNDA:1,log_debug_redacted
FNF:12
FNH:11
BRDA:24,0,0,1
BRDA:38,1,0,1
BRDA:32,2,0,1
BRDA:32,2,1,1
BRDA:60,3,0,1
BRDA:65,4,0,1
BRDA:87,5,0,0
BRDA:109,6,0,0
BRDA:113,7,0,0
BRDA:120,8,0,1
BRF:10
BRH:7
DA:7,119
DA:8,119
DA:9,119
DA:10,119
DA:11,119
DA:12,119
DA:14,119
DA:19,21
DA:20,21
DA:24,21
DA:25,1
DA:28,21
DA:31,21
DA:32,21
DA:33,16
DA:36,16
DA:38,16
DA:39,1
DA:41,1
DA:44,5
DA:51,31
DA:52,31
DA:53,31
DA:54,31
DA:55,31
DA:60,41
DA:61,20
DA:65,30
DA:66,30
DA:71,22
DA:75,6
DA:79,1
DA:83,1
DA:87,5
DA:88,0
DA:94,8
DA:98,32
DA:102,20
DA:107,0
DA:109,0
DA:110,0
DA:113,0
DA:114,0
DA:116,0
DA:120,1
DA:121,1
DA:123,1
LF:47
LH:40
end_of_record
SF:/tmp/claude-0/-opt-Cloudflare-DNS-Updater/d36bc316-a7e3-48f1-9a81-2ed19572a262/scratchpad/wt-pr7/src/main.sh
FN:5,domains_names=
FN:7,domains_ipv4=
FN:9,domains_ttl=
FN:13,DEBUG="$
FN:14,FORCE="$
FN:15,SILENT="$
FN:38,verification_list=
FN:40,show_help
FN:66,queue_if_changed
FN:110,main
FNDA:1,domains_names=
FNDA:1,domains_ipv4=
FNDA:1,domains_ttl=
FNDA:1,DEBUG="$
FNDA:1,FORCE="$
FNDA:1,SILENT="$
FNDA:1,verification_list=
FNDA:0,show_help
FNDA:1,queue_if_changed
FNDA:1,main
FNF:10
FNH:9
BRDA:73,0,0,1
BRDA:81,1,0,1
BRDA:89,2,0,1
BRDA:89,2,1,1
BRDA:102,3,0,1
BRDA:98,4,0,1
BRDA:98,4,1,1
BRDA:113,5,0,0
BRDA:122,6,0,0
BRDA:143,7,0,0
BRDA:153,8,0,0
BRDA:153,8,1,0
BRDA:159,9,0,0
BRDA:170,10,0,0
BRDA:185,11,0,1
BRDA:190,12,0,1
BRDA:211,13,0,0
BRDA:211,13,1,0
BRDA:207,14,0,0
BRDA:202,15,0,0
BRDA:202,15,1,0
BRDA:196,16,0,1
BRDA:196,16,1,0
BRF:23
BRH:10
DA:10,14
DA:11,14
DA:12,14
DA:13,14
DA:14,14
DA:15,14
DA:18,14
DA:19,14
DA:20,14
DA:21,14
DA:22,14
DA:23,14
DA:24,14
DA:27,14
DA:28,14
DA:35,14
DA:36,14
DA:37,14
DA:41,0
DA:43,0
DA:45,0
DA:46,0
DA:48,0
DA:49,0
DA:51,0
DA:52,0
DA:54,0
DA:55,0
DA:57,0
DA:58,0
DA:60,0
DA:61,0
DA:62,0
DA:67,12
DA:68,12
DA:69,12
DA:70,12
DA:71,12
DA:73,12
DA:74,1
DA:75,1
DA:78,11
DA:81,11
DA:82,1
DA:83,1
DA:86,10
DA:88,19
DA:89,9
DA:90,1
DA:92,7
DA:95,8
DA:98,9
DA:99,8
DA:100,8
DA:102,8
DA:103,2
DA:106,2
DA:111,2
DA:113,4
DA:114,0
DA:115,0
DA:118,2
DA:121,2
DA:122,2
DA:123,0
DA:127,2
DA:128,2
DA:129,8
DA:130,4
DA:131,4
DA:133,2
DA:136,2
DA:140,4
DA:141,4
DA:143,2
DA:144,0
DA:145,0
DA:149,2
DA:150,2
DA:153,2
DA:154,0
DA:155,2
DA:156,0
DA:159,2
DA:160,0
DA:161,0
DA:165,2
DA:169,2
DA:170,2
DA:171,0
DA:175,2
DA:177,4
DA:178,1
DA:179,1
DA:180,1
DA:182,1
DA:185,1
DA:186,1
DA:190,1
DA:191,1
DA:196,1
DA:197,1
DA:199,0
DA:200,0
DA:202,0
DA:203,0
DA:204,0
DA:207,0
DA:208,0
DA:209,0
DA:210,0
DA:211,0
DA:212,0
DA:214,0
DA:219,0
DA:220,0
DA:223,0
DA:229,14
LF:118
LH:78
end_of_record
SF:/tmp/claude-0/-opt-Cloudflare-DNS-Updater/d36bc316-a7e3-48f1-9a81-2ed19572a262/scratchpad/wt-pr7/src/network.sh
FN:26,http_request
FN:106,http_get
FNDA:1,http_request
FNDA:1,http_get
FNF:2
FNH:2
BRDA:15,0,0,0
BRDA:15,0,1,0
BRDA:7,1,0,1
BRDA:7,1,1,0
BRDA:7,1,2,0
BRDA:7,1,3,0
BRDA:33,2,0,0
BRDA:49,3,0,0
BRDA:71,4,0,0
BRDA:92,5,0,0
BRDA:38,6,0,1
BRDA:38,6,1,1
BRDA:38,6,2,0
BRDA:116,7,0,1
BRDA:116,7,1,0
BRDA:124,8,0,1
BRDA:124,8,1,1
BRDA:124,8,2,0
BRF:18
BRH:6
DA:7,58
DA:8,58
DA:9,0
DA:10,0
DA:11,0
DA:12,0
DA:15,0
DA:16,0
DA:18,0
DA:27,3
DA:28,3
DA:29,3
DA:30,3
DA:33,3
DA:34,0
DA:35,0
DA:38,3
DA:44,3
DA:49,2
DA:57,2
DA:58,2
DA:60,1
DA:66,1
DA:71,1
DA:78,1
DA:79,1
DA:81,0
DA:83,0
DA:84,0
DA:85,0
DA:86,0
DA:87,0
DA:89,0
DA:91,0
DA:92,0
DA:94,0
DA:95,0
DA:98,0
DA:99,0
DA:107,5
DA:108,5
DA:110,5
DA:111,5
DA:112,2
DA:113,1
DA:114,2
DA:115,3
DA:116,1
DA:117,1
DA:118,0
DA:123,5
DA:124,5
DA:128,3
DA:129,2
DA:133,2
DA:134,0
DA:137,0
LF:57
LH:32
end_of_record
SF:/tmp/claude-0/-opt-Cloudflare-DNS-Updater/d36bc316-a7e3-48f1-9a81-2ed19572a262/scratchpad/wt-pr7/src/notifications.sh
FN:4,url_encode
FN:19,json_escape
FN:29,send_notification
FNDA:1,url_encode
FNDA:0,json_escape
FNDA:1,send_notification
FNF:3
FNH:2
BRDA:36,0,0,1
BRDA:35,1,0,1
BRDA:44,2,0,1
BRDA:43,3,0,1
BRF:4
BRH:4
DA:5,2
DA:6,2
DA:7,2
DA:8,75
DA:9,37
DA:10,37
DA:11,30
DA:12,6
DA:15,0
DA:20,0
DA:21,0
DA:22,0
DA:23,0
DA:24,0
DA:25,0
DA:26,0
DA:30,5
DA:32,5
DA:35,5
DA:36,3
DA:37,3
DA:38,1
DA:43,4
DA:44,1
DA:45,1
DA:46,1
LF:26
LH:18
end_of_record
